2023-10-29 00:35:21,355 - DEBUG - DEBUG
2023-10-29 00:35:21,355 - INFO - INFO
2023-10-29 00:35:21,355 - WARNING - WARNING
2023-10-29 00:35:21,355 - ERROR - ERROR
2023-10-29 00:35:21,355 - CRITICAL - CRITICAL
2023-10-29 00:36:16,607 - DEBUG    - DEBUG
2023-10-29 00:36:16,608 - INFO     - INFO
2023-10-29 00:36:16,608 - WARNING  - WARNING
2023-10-29 00:36:16,608 - ERROR    - ERROR
2023-10-29 00:36:16,608 - CRITICAL - CRITICAL
[2023-10-29 00:37:25,370] - DEBUG    : DEBUG
[2023-10-29 00:37:25,370] - INFO     : INFO
[2023-10-29 00:37:25,371] - WARNING  : WARNING
[2023-10-29 00:37:25,371] - ERROR    : ERROR
[2023-10-29 00:37:25,371] - CRITICAL : CRITICAL
[2023-10-29 00:37:43,655] - [DEBUG   ] - DEBUG
[2023-10-29 00:37:43,655] - [INFO    ] - INFO
[2023-10-29 00:37:43,656] - [WARNING ] - WARNING
[2023-10-29 00:37:43,656] - [ERROR   ] - ERROR
[2023-10-29 00:37:43,656] - [CRITICAL] - CRITICAL
[2023-10-29 00:37:58,247] - DEBUG    : DEBUG
[2023-10-29 00:37:58,247] - INFO     : INFO
[2023-10-29 00:37:58,248] - WARNING  : WARNING
[2023-10-29 00:37:58,248] - ERROR    : ERROR
[2023-10-29 00:37:58,248] - CRITICAL : CRITICAL
[2023-10-29 00:38:06,635] - DEBUG    : DEBUG
[2023-10-29 00:38:06,635] - INFO     : INFO
[2023-10-29 00:38:06,635] - WARNING  : WARNING
[2023-10-29 00:38:06,635] - ERROR    : ERROR
[2023-10-29 00:38:06,635] - CRITICAL : CRITICAL
[2023-10-29 00:38:12,441] - DEBUG    : 1231231231
[2023-10-29 00:38:12,441] - INFO     : 32132414
[2023-10-29 00:38:12,441] - WARNING  : 412123123
[2023-10-29 00:38:12,441] - ERROR    : 3122312312
[2023-10-29 00:38:12,441] - CRITICAL : 123123132
