Changing Session to DEFAULT SESSION...
!!!ECU is in DEFAULT SESSION!!!
Changing Session to SUPPLIER PROGRAMMING SESSION...
!!!ECU is in SUPPLIER_PROGRAMMING_SESSION!!!
Changing Session to PROGRAMMING SESSION...
!!!PROGRAMMING SESSION DONE!!!
Unlocking ECU...
!!!ECU unlocked!!!
*******************************************************************************
*********************** Flash DS0 ********************************************
*******************************************************************************
File Size: 1048576 bytes
Erasing DS0 from 2149842944 to 2150891519...
!!!DS0 erased!!!
Requesting for download DS0...
!!!Requested for download DS0 successful!!!
Start flashing DS0...
Bin file size:             1048576
Block size:                384
Number of Blocks to Flash: 2730
LastBLK SIZE:              256
!!!Transfer DS0 exited!!!
Validating DS0 from 2149842944 to 2150891519
!!!DS0 fineeee!!!
Flashing completed, resetting the ECU...
!!!All Done!!!
Changing Session to DEFAULT SESSION...
!!!ECU is in DEFAULT SESSION!!!
Changing Session to SUPPLIER PROGRAMMING SESSION...
!!!ECU is in SUPPLIER_PROGRAMMING_SESSION!!!
Changing Session to PROGRAMMING SESSION...
!!!PROGRAMMING SESSION DONE!!!
Unlocking ECU...
!!!ECU unlocked!!!
*******************************************************************************
*********************** Flash DS0 ********************************************
*******************************************************************************
File Size: 1048576 bytes
Erasing DS0 from 2149842944 to 2150891519...
!!!DS0 erased!!!
Requesting for download DS0...
!!!Requested for download DS0 successful!!!
Start flashing DS0...
Bin file size:             1048576
Block size:                384
Number of Blocks to Flash: 2730
LastBLK SIZE:              256
!!!Transfer DS0 exited!!!
Validating DS0 from 2149842944 to 2150891519
!!!DS0 fineeee!!!
Flashing completed, resetting the ECU...
!!!All Done!!!
Changing Session to DEFAULT SESSION...
!!!ECU is in DEFAULT SESSION!!!
Changing Session to SUPPLIER PROGRAMMING SESSION...
!!!ECU is in SUPPLIER_PROGRAMMING_SESSION!!!
Changing Session to PROGRAMMING SESSION...
!!!PROGRAMMING SESSION DONE!!!
Unlocking ECU...
!!!ECU unlocked!!!
*******************************************************************************
*********************** Flash DS0 ********************************************
*******************************************************************************
File Size: 1048576 bytes
Erasing DS0 from 2149842944 to 2150891519...
!!!DS0 erased!!!
Requesting for download DS0...
!!!Requested for download DS0 successful!!!
Start flashing DS0...
Bin file size:             1048576
Block size:                384
Number of Blocks to Flash: 2730
LastBLK SIZE:              256
Changing Session to DEFAULT SESSION...
!!!ECU is in DEFAULT SESSION!!!
Changing Session to SUPPLIER PROGRAMMING SESSION...
!!!ECU is in SUPPLIER_PROGRAMMING_SESSION!!!
Changing Session to PROGRAMMING SESSION...
!!!PROGRAMMING SESSION DONE!!!
Unlocking ECU...
!!!ECU unlocked!!!
*******************************************************************************
*********************** Flash DS0 ********************************************
*******************************************************************************
File Size: 1048576 bytes
Erasing DS0 from 2149842944 to 2150891519...
!!!DS0 erased!!!
Requesting for download DS0...
!!!Requested for download DS0 successful!!!
Start flashing DS0...
Bin file size:             1048576
Block size:                384
Number of Blocks to Flash: 2730
LastBLK SIZE:              256
Changing Session to DEFAULT SESSION...
!!!ECU is in DEFAULT SESSION!!!
Changing Session to SUPPLIER PROGRAMMING SESSION...
!!!ECU is in SUPPLIER_PROGRAMMING_SESSION!!!
Changing Session to PROGRAMMING SESSION...
!!!PROGRAMMING SESSION DONE!!!
Unlocking ECU...
!!!ECU unlocked!!!
*******************************************************************************
*********************** Flash DS0 ********************************************
*******************************************************************************
File Size: 1048576 bytes
Erasing DS0 from 2149842944 to 2150891519...
!!!DS0 erased!!!
Requesting for download DS0...
!!!Requested for download DS0 successful!!!
Start flashing DS0...
Bin file size:             1048576
Block size:                384
Number of Blocks to Flash: 2730
LastBLK SIZE:              256
Changing Session to DEFAULT SESSION...
!!!ECU is in DEFAULT SESSION!!!
Changing Session to SUPPLIER PROGRAMMING SESSION...
!!!ECU is in SUPPLIER_PROGRAMMING_SESSION!!!
Changing Session to PROGRAMMING SESSION...
!!!PROGRAMMING SESSION DONE!!!
Unlocking ECU...
!!!ECU unlocked!!!
*******************************************************************************
*********************** Flash DS0 ********************************************
*******************************************************************************
File Size: 1048576 bytes
Erasing DS0 from 2149842944 to 2150891519...
!!!DS0 erased!!!
Requesting for download DS0...
!!!Requested for download DS0 successful!!!
Start flashing DS0...
Bin file size:             1048576
Block size:                384
Number of Blocks to Flash: 2730
LastBLK SIZE:              256
